{"level":"error","service":"user-service"}
{"message":"error during fetching feedpost by userId","level":"error","service":"user-service"}
{"message":"Fetching feedpost by userId success","level":"info","service":"user-service"}
{"level":"error","service":"user-service"}
{"message":"error during fetching feedpost by userId","level":"error","service":"user-service"}
{"message":"Fetching feedpost by userId success","level":"info","service":"user-service"}
{"level":"error","service":"user-service"}
{"message":"error during fetching feedpost by userId","level":"error","service":"user-service"}
{"message":"Fetching feedpost by userId success","level":"info","service":"user-service"}
{"level":"error","service":"user-service"}
{"message":"error during fetching feedpost by userId","level":"error","service":"user-service"}
{"message":"Fetching feedpost by userId success","level":"info","service":"user-service"}
{"level":"error","service":"user-service"}
{"message":"error during fetching feedpost by userId","level":"error","service":"user-service"}
{"message":"Fetching feedpost by userId success","level":"info","service":"user-service"}
{"level":"error","service":"user-service"}
{"message":"error during fetching feedpost by userId","level":"error","service":"user-service"}
{"message":"Fetching feedpost by userId success","level":"info","service":"user-service"}
{"level":"error","service":"user-service"}
{"message":"error during fetching feedpost by userId","level":"error","service":"user-service"}
{"message":"Fetching feedpost by userId success","level":"info","service":"user-service"}
{"level":"error","service":"user-service"}
{"message":"error during fetching feedpost by userId","level":"error","service":"user-service"}
{"message":"Fetching feedpost by userId success","level":"info","service":"user-service"}
{"name":"SequelizeEagerLoadingError","level":"error","service":"user-service"}
{"message":"error during fetching feedpost by userId","level":"error","service":"user-service"}
{"message":"Fetching feedpost by userId success","level":"info","service":"user-service"}
{"name":"SequelizeEagerLoadingError","level":"error","service":"user-service"}
{"message":"error during fetching feedpost by userId","level":"error","service":"user-service"}
{"message":"Fetching feedpost by userId success","level":"info","service":"user-service"}
{"message":"Fetching feedpost by userId success","level":"info","service":"user-service"}
{"message":"Connexion success","level":"info","service":"user-service"}
{"message":"Fetching feedpost by userId success","level":"info","service":"user-service"}
{"message":"Fetching feedpost by userId success","level":"info","service":"user-service"}
{"message":"Fetching feedpost by userId success","level":"info","service":"user-service"}
{"message":"Fetching feedpost by userId success","level":"info","service":"user-service"}
{"message":"Fetching feedpost by userId success","level":"info","service":"user-service"}
{"message":"Fetching feedpost by userId success","level":"info","service":"user-service"}
{"message":"Fetching feedpost by userId success","level":"info","service":"user-service"}
{"message":"Fetching feedpost by userId success","level":"info","service":"user-service"}
{"message":"Fetching feedpost by userId success","level":"info","service":"user-service"}
{"level":"error","service":"user-service"}
{"message":"error during fetching by userId","level":"error","service":"user-service"}
{"level":"error","service":"user-service"}
{"message":"error during fetching by userId","level":"error","service":"user-service"}
{"level":"error","service":"user-service"}
{"message":"error during fetching post comments","level":"error","service":"user-service"}
{"message":"Fetching feedpost by userId success","level":"info","service":"user-service"}
{"level":"error","service":"user-service"}
{"message":"error during fetching post comments","level":"error","service":"user-service"}
{"message":"Fetching feedpost by userId success","level":"info","service":"user-service"}
{"message":"Fetching feedpost by userId success","level":"info","service":"user-service"}
{"level":"error","service":"user-service"}
{"message":"error during fetching post comments","level":"error","service":"user-service"}
{"message":"Fetching feedpost by userId success","level":"info","service":"user-service"}
{"level":"error","service":"user-service"}
{"message":"error during fetching post comments","level":"error","service":"user-service"}
{"message":"Fetching feedpost by userId success","level":"info","service":"user-service"}
{"message":"Fetching feedpost by userId success","level":"info","service":"user-service"}
{"level":"error","service":"user-service"}
{"message":"error during fetching post comments","level":"error","service":"user-service"}
{"message":"Fetching feedpost by userId success","level":"info","service":"user-service"}
{"level":"error","service":"user-service"}
{"message":"error during fetching post comments","level":"error","service":"user-service"}
{"message":"Fetching feedpost by userId success","level":"info","service":"user-service"}
{"level":"error","service":"user-service"}
{"message":"error during fetching post comments","level":"error","service":"user-service"}
{"message":"Fetching feedpost by userId success","level":"info","service":"user-service"}
{"message":"Fetching feedpost by userId success","level":"info","service":"user-service"}
{"level":"error","service":"user-service"}
{"message":"error during fetching post comments","level":"error","service":"user-service"}
{"message":"Fetching feedpost by userId success","level":"info","service":"user-service"}
{"level":"error","service":"user-service"}
{"message":"error during fetching post comments","level":"error","service":"user-service"}
{"message":"Fetching feedpost by userId success","level":"info","service":"user-service"}
{"level":"error","service":"user-service"}
{"message":"error during new comment creation","level":"error","service":"user-service"}
{"message":"comment creation success","level":"info","service":"user-service"}
{"level":"error","service":"user-service"}
{"message":"error during fetching post comments","level":"error","service":"user-service"}
{"message":"Fetching feedpost by userId success","level":"info","service":"user-service"}
{"level":"error","service":"user-service"}
{"message":"error during fetching post comments","level":"error","service":"user-service"}
{"message":"Fetching feedpost by userId success","level":"info","service":"user-service"}
{"message":"Fetching feedpost by userId success","level":"info","service":"user-service"}
{"level":"error","service":"user-service"}
{"message":"error during fetching post comments","level":"error","service":"user-service"}
{"message":"Fetching feedpost by userId success","level":"info","service":"user-service"}
{"level":"error","service":"user-service"}
{"message":"error during fetching post comments","level":"error","service":"user-service"}
{"message":"Fetching feedpost by userId success","level":"info","service":"user-service"}
{"message":"Fetching feedpost by userId success","level":"info","service":"user-service"}
{"level":"error","service":"user-service"}
{"message":"error during fetching post comments","level":"error","service":"user-service"}
{"message":"Fetching feedpost by userId success","level":"info","service":"user-service"}
{"level":"error","service":"user-service"}
{"message":"error during fetching post comments","level":"error","service":"user-service"}
{"message":"Fetching feedpost by userId success","level":"info","service":"user-service"}
{"level":"error","service":"user-service"}
{"message":"error during new comment creation","level":"error","service":"user-service"}
{"message":"comment creation success","level":"info","service":"user-service"}
{"level":"error","service":"user-service"}
{"message":"error during fetching post comments","level":"error","service":"user-service"}
{"message":"Fetching feedpost by userId success","level":"info","service":"user-service"}
{"level":"error","service":"user-service"}
{"message":"error during fetching post comments","level":"error","service":"user-service"}
{"message":"Fetching feedpost by userId success","level":"info","service":"user-service"}
{"message":"Fetching feedpost by userId success","level":"info","service":"user-service"}
{"level":"error","service":"user-service"}
{"message":"error during fetching post comments","level":"error","service":"user-service"}
{"message":"Fetching feedpost by userId success","level":"info","service":"user-service"}
{"level":"error","service":"user-service"}
{"message":"error during fetching post comments","level":"error","service":"user-service"}
{"message":"Fetching feedpost by userId success","level":"info","service":"user-service"}
{"message":"Fetching feedpost by userId success","level":"info","service":"user-service"}
{"name":"SequelizeEagerLoadingError","level":"error","service":"user-service"}
{"message":"error during fetching by userId","level":"error","service":"user-service"}
{"message":"Fetching feedpost by userId success","level":"info","service":"user-service"}
{"level":"error","service":"user-service"}
{"message":"error during fetching post comments","level":"error","service":"user-service"}
{"message":"Fetching feedpost by userId success","level":"info","service":"user-service"}
{"level":"error","service":"user-service"}
{"message":"error during fetching post comments","level":"error","service":"user-service"}
{"message":"Fetching feedpost by userId success","level":"info","service":"user-service"}
{"message":"Fetching feedpost by userId success","level":"info","service":"user-service"}
{"name":"SequelizeEagerLoadingError","level":"error","service":"user-service"}
{"message":"error during fetching by userId","level":"error","service":"user-service"}
{"name":"SequelizeEagerLoadingError","level":"error","service":"user-service"}
{"message":"error during fetching by userId","level":"error","service":"user-service"}
{"message":"Fetching feedpost by userId success","level":"info","service":"user-service"}
{"name":"SequelizeEagerLoadingError","level":"error","service":"user-service"}
{"message":"error during fetching post comments","level":"error","service":"user-service"}
{"message":"Fetching feedpost by userId success","level":"info","service":"user-service"}
{"name":"SequelizeEagerLoadingError","level":"error","service":"user-service"}
{"message":"error during fetching post comments","level":"error","service":"user-service"}
{"message":"Fetching feedpost by userId success","level":"info","service":"user-service"}
{"message":"Fetching feedpost by userId success","level":"info","service":"user-service"}
{"name":"SequelizeEagerLoadingError","level":"error","service":"user-service"}
{"message":"error during fetching post comments","level":"error","service":"user-service"}
{"message":"Fetching feedpost by userId success","level":"info","service":"user-service"}
{"name":"SequelizeEagerLoadingError","level":"error","service":"user-service"}
{"message":"error during fetching post comments","level":"error","service":"user-service"}
{"message":"Fetching feedpost by userId success","level":"info","service":"user-service"}
{"message":"Fetching feedpost by userId success","level":"info","service":"user-service"}
{"name":"SequelizeEagerLoadingError","level":"error","service":"user-service"}
{"message":"error during fetching post comments","level":"error","service":"user-service"}
{"message":"Fetching feedpost by userId success","level":"info","service":"user-service"}
{"name":"SequelizeEagerLoadingError","level":"error","service":"user-service"}
{"message":"error during fetching post comments","level":"error","service":"user-service"}
{"message":"Fetching feedpost by userId success","level":"info","service":"user-service"}
{"message":"Fetching feedpost by userId success","level":"info","service":"user-service"}
{"name":"SequelizeEagerLoadingError","level":"error","service":"user-service"}
{"message":"error during fetching post comments","level":"error","service":"user-service"}
{"message":"Fetching feedpost by userId success","level":"info","service":"user-service"}
{"name":"SequelizeEagerLoadingError","level":"error","service":"user-service"}
{"message":"error during fetching post comments","level":"error","service":"user-service"}
{"message":"Fetching feedpost by userId success","level":"info","service":"user-service"}
{"message":"Fetching feedpost by userId success","level":"info","service":"user-service"}
{"name":"SequelizeEagerLoadingError","level":"error","service":"user-service"}
{"message":"error during fetching post comments","level":"error","service":"user-service"}
{"message":"Fetching feedpost by userId success","level":"info","service":"user-service"}
{"name":"SequelizeEagerLoadingError","level":"error","service":"user-service"}
{"message":"error during fetching post comments","level":"error","service":"user-service"}
{"message":"Fetching feedpost by userId success","level":"info","service":"user-service"}
{"message":"Fetching feedpost by userId success","level":"info","service":"user-service"}
{"name":"SequelizeEagerLoadingError","level":"error","service":"user-service"}
{"message":"error during fetching post comments","level":"error","service":"user-service"}
{"message":"Fetching feedpost by userId success","level":"info","service":"user-service"}
{"name":"SequelizeEagerLoadingError","level":"error","service":"user-service"}
{"message":"error during fetching post comments","level":"error","service":"user-service"}
{"message":"Fetching feedpost by userId success","level":"info","service":"user-service"}
{"message":"Fetching feedpost by userId success","level":"info","service":"user-service"}
{"name":"SequelizeEagerLoadingError","level":"error","service":"user-service"}
{"message":"error during fetching post comments","level":"error","service":"user-service"}
{"message":"Fetching feedpost by userId success","level":"info","service":"user-service"}
{"name":"SequelizeEagerLoadingError","level":"error","service":"user-service"}
{"message":"error during fetching post comments","level":"error","service":"user-service"}
{"message":"Fetching feedpost by userId success","level":"info","service":"user-service"}
{"message":"Fetching feedpost by userId success","level":"info","service":"user-service"}
{"name":"SequelizeEagerLoadingError","level":"error","service":"user-service"}
{"message":"error during fetching post comments","level":"error","service":"user-service"}
{"message":"Fetching feedpost by userId success","level":"info","service":"user-service"}
{"name":"SequelizeEagerLoadingError","level":"error","service":"user-service"}
{"message":"error during fetching post comments","level":"error","service":"user-service"}
{"message":"Fetching feedpost by userId success","level":"info","service":"user-service"}
{"message":"Fetching feedpost by userId success","level":"info","service":"user-service"}
{"name":"SequelizeEagerLoadingError","level":"error","service":"user-service"}
{"message":"error during fetching post comments","level":"error","service":"user-service"}
{"message":"Fetching feedpost by userId success","level":"info","service":"user-service"}
{"name":"SequelizeEagerLoadingError","level":"error","service":"user-service"}
{"message":"error during fetching post comments","level":"error","service":"user-service"}
{"message":"Fetching feedpost by userId success","level":"info","service":"user-service"}
{"message":"Fetching feedpost by userId success","level":"info","service":"user-service"}
{"message":"Fetching feedpost by userId success","level":"info","service":"user-service"}
{"message":"Fetching feedpost by userId success","level":"info","service":"user-service"}
{"message":"Fetching feedpost by userId success","level":"info","service":"user-service"}
{"message":"Fetching feedpost by userId success","level":"info","service":"user-service"}
{"message":"Fetching feedpost by userId success","level":"info","service":"user-service"}
{"message":"Fetching feedpost by userId success","level":"info","service":"user-service"}
{"message":"Fetching feedpost by userId success","level":"info","service":"user-service"}
{"message":"Fetching feedpost by userId success","level":"info","service":"user-service"}
{"message":"Fetching feedpost by userId success","level":"info","service":"user-service"}
{"message":"Fetching feedpost by userId success","level":"info","service":"user-service"}
{"message":"Fetching feedpost by userId success","level":"info","service":"user-service"}
{"message":"Fetching feedpost by userId success","level":"info","service":"user-service"}
{"message":"Fetching feedpost by userId success","level":"info","service":"user-service"}
{"message":"Fetching feedpost by userId success","level":"info","service":"user-service"}
{"message":"Fetching feedpost by userId success","level":"info","service":"user-service"}
{"message":"Fetching feedpost by userId success","level":"info","service":"user-service"}
{"message":"Fetching feedpost by userId success","level":"info","service":"user-service"}
{"level":"error","service":"user-service"}
{"message":"error during fetching conversation by id","level":"error","service":"user-service"}
{"message":"fetching conversation by id with users success","level":"info","service":"user-service"}
{"level":"error","service":"user-service"}
{"message":"error during fetching conversation by id","level":"error","service":"user-service"}
{"message":"fetching conversation by id with users success","level":"info","service":"user-service"}
{"level":"error","service":"user-service"}
{"message":"error during fetching conversation by id","level":"error","service":"user-service"}
{"message":"fetching conversation by id with users success","level":"info","service":"user-service"}
{"level":"error","service":"user-service"}
{"message":"error during fetching conversation by id","level":"error","service":"user-service"}
{"message":"fetching conversation by id with users success","level":"info","service":"user-service"}
{"message":"fetching conversation by id with users success","level":"info","service":"user-service"}
{"message":"fetching conversation by id with users success","level":"info","service":"user-service"}
{"message":"fetching conversation by id with users success","level":"info","service":"user-service"}
{"message":"Connexion success","level":"info","service":"user-service"}
{"message":"Fetching feedpost by userId success","level":"info","service":"user-service"}
{"message":"Fetching feedpost by userId success","level":"info","service":"user-service"}
{"message":"Fetching feedpost by userId success","level":"info","service":"user-service"}
{"message":"Fetching feedpost by userId success","level":"info","service":"user-service"}
{"message":"Fetching feedpost by userId success","level":"info","service":"user-service"}
{"message":"Fetching feedpost by userId success","level":"info","service":"user-service"}
{"message":"Sending Users fetched","level":"info","service":"user-service"}
{"message":"Sending Users fetched","level":"info","service":"user-service"}
{"message":"fetching conversation by id with users success","level":"info","service":"user-service"}
{"message":"fetching conversation by id with users success","level":"info","service":"user-service"}
{"message":"fetching conversation by id with users success","level":"info","service":"user-service"}
{"message":"fetching conversation by id with users success","level":"info","service":"user-service"}
{"message":"fetching conversation by id with users success","level":"info","service":"user-service"}
{"message":"fetching conversation by id with users success","level":"info","service":"user-service"}
{"message":"fetching conversation by id with users success","level":"info","service":"user-service"}
{"message":"fetching conversation by id with users success","level":"info","service":"user-service"}
{"message":"fetching conversation by id with users success","level":"info","service":"user-service"}
{"message":"fetching conversation by id with users success","level":"info","service":"user-service"}
{"message":"fetching conversation by id with users success","level":"info","service":"user-service"}
{"message":"fetching conversation by id with users success","level":"info","service":"user-service"}
{"message":"fetching conversation by id with users success","level":"info","service":"user-service"}
{"message":"Fetching messages for conversation id success","level":"info","service":"user-service"}
{"message":"fetching conversation by id with users success","level":"info","service":"user-service"}
{"message":"Fetching messages for conversation id success","level":"info","service":"user-service"}
{"message":"fetching conversation by id with users success","level":"info","service":"user-service"}
{"message":"fetching conversation by id with users success","level":"info","service":"user-service"}
{"message":"fetching conversation by id with users success","level":"info","service":"user-service"}
{"message":"fetching conversation by id with users success","level":"info","service":"user-service"}
{"message":"fetching conversation by id with users success","level":"info","service":"user-service"}
{"message":"fetching conversation by id with users success","level":"info","service":"user-service"}
{"message":"fetching conversation by id with users success","level":"info","service":"user-service"}
{"message":"fetching conversation by id with users success","level":"info","service":"user-service"}
{"message":"fetching conversation by id with users success","level":"info","service":"user-service"}
{"message":"fetching conversation by id with users success","level":"info","service":"user-service"}
{"message":"fetching conversation by id with users success","level":"info","service":"user-service"}
{"message":"fetching conversation by id with users success","level":"info","service":"user-service"}
{"message":"fetching conversation by id with users success","level":"info","service":"user-service"}
{"message":"fetching conversation by id with users success","level":"info","service":"user-service"}
{"message":"Fetching messages for conversation id success","level":"info","service":"user-service"}
{"message":"Fetching messages for conversation id success","level":"info","service":"user-service"}
{"level":"error","service":"user-service"}
{"message":"error during new message creation","level":"error","service":"user-service"}
{"message":"new message creation success","level":"info","service":"user-service"}
{"message":"Fetching messages for conversation id success","level":"info","service":"user-service"}
{"message":"fetching conversation by id with users success","level":"info","service":"user-service"}
{"message":"fetching conversation by id with users success","level":"info","service":"user-service"}
{"message":"Fetching messages for conversation id success","level":"info","service":"user-service"}
{"message":"Fetching messages for conversation id success","level":"info","service":"user-service"}
{"message":"fetching conversation by id with users success","level":"info","service":"user-service"}
{"message":"fetching conversation by id with users success","level":"info","service":"user-service"}
{"message":"Fetching messages for conversation id success","level":"info","service":"user-service"}
{"message":"Fetching messages for conversation id success","level":"info","service":"user-service"}
{"message":"new message creation success","level":"info","service":"user-service"}
{"message":"Fetching messages for conversation id success","level":"info","service":"user-service"}
{"message":"fetching conversation by id with users success","level":"info","service":"user-service"}
{"message":"fetching conversation by id with users success","level":"info","service":"user-service"}
{"message":"Fetching messages for conversation id success","level":"info","service":"user-service"}
{"message":"Fetching messages for conversation id success","level":"info","service":"user-service"}
{"message":"fetching conversation by id with users success","level":"info","service":"user-service"}
{"message":"fetching conversation by id with users success","level":"info","service":"user-service"}
{"message":"Fetching messages for conversation id success","level":"info","service":"user-service"}
{"message":"Fetching messages for conversation id success","level":"info","service":"user-service"}
{"name":"SequelizeDatabaseError","parent":{"code":"ER_TRUNCATED_WRONG_VALUE_FOR_FIELD","errno":1366,"sqlState":"HY000","sqlMessage":"Incorrect integer value: 'qwe' for column 'userId' at row 1","sql":"INSERT INTO `Messages` (`id`,`textContent`,`userId`,`conversationId`,`createdAt`,`updatedAt`) VALUES (DEFAULT,?,?,?,?,?);","parameters":[4,"qwe",1,"2021-04-30 11:26:15","2021-04-30 11:26:15"]},"original":{"code":"ER_TRUNCATED_WRONG_VALUE_FOR_FIELD","errno":1366,"sqlState":"HY000","sqlMessage":"Incorrect integer value: 'qwe' for column 'userId' at row 1","sql":"INSERT INTO `Messages` (`id`,`textContent`,`userId`,`conversationId`,`createdAt`,`updatedAt`) VALUES (DEFAULT,?,?,?,?,?);","parameters":[4,"qwe",1,"2021-04-30 11:26:15","2021-04-30 11:26:15"]},"sql":"INSERT INTO `Messages` (`id`,`textContent`,`userId`,`conversationId`,`createdAt`,`updatedAt`) VALUES (DEFAULT,?,?,?,?,?);","parameters":[4,"qwe",1,"2021-04-30 11:26:15","2021-04-30 11:26:15"],"level":"error","service":"user-service"}
{"message":"error during new message creation","level":"error","service":"user-service"}
{"message":"new message creation success","level":"info","service":"user-service"}
{"message":"Fetching messages for conversation id success","level":"info","service":"user-service"}
{"message":"fetching conversation by id with users success","level":"info","service":"user-service"}
{"message":"fetching conversation by id with users success","level":"info","service":"user-service"}
{"message":"Fetching messages for conversation id success","level":"info","service":"user-service"}
{"message":"Fetching messages for conversation id success","level":"info","service":"user-service"}
{"message":"fetching conversation by id with users success","level":"info","service":"user-service"}
{"message":"fetching conversation by id with users success","level":"info","service":"user-service"}
{"message":"Fetching messages for conversation id success","level":"info","service":"user-service"}
{"message":"Fetching messages for conversation id success","level":"info","service":"user-service"}
{"name":"SequelizeDatabaseError","parent":{"code":"ER_TRUNCATED_WRONG_VALUE_FOR_FIELD","errno":1366,"sqlState":"HY000","sqlMessage":"Incorrect integer value: 'qweqw' for column 'userId' at row 1","sql":"INSERT INTO `Messages` (`id`,`textContent`,`userId`,`conversationId`,`createdAt`,`updatedAt`) VALUES (DEFAULT,?,?,?,?,?);","parameters":[4,"qweqw",1,"2021-04-30 11:26:40","2021-04-30 11:26:40"]},"original":{"code":"ER_TRUNCATED_WRONG_VALUE_FOR_FIELD","errno":1366,"sqlState":"HY000","sqlMessage":"Incorrect integer value: 'qweqw' for column 'userId' at row 1","sql":"INSERT INTO `Messages` (`id`,`textContent`,`userId`,`conversationId`,`createdAt`,`updatedAt`) VALUES (DEFAULT,?,?,?,?,?);","parameters":[4,"qweqw",1,"2021-04-30 11:26:40","2021-04-30 11:26:40"]},"sql":"INSERT INTO `Messages` (`id`,`textContent`,`userId`,`conversationId`,`createdAt`,`updatedAt`) VALUES (DEFAULT,?,?,?,?,?);","parameters":[4,"qweqw",1,"2021-04-30 11:26:40","2021-04-30 11:26:40"],"level":"error","service":"user-service"}
{"message":"error during new message creation","level":"error","service":"user-service"}
{"message":"new message creation success","level":"info","service":"user-service"}
{"message":"Fetching messages for conversation id success","level":"info","service":"user-service"}
{"message":"fetching conversation by id with users success","level":"info","service":"user-service"}
{"message":"fetching conversation by id with users success","level":"info","service":"user-service"}
{"message":"Fetching messages for conversation id success","level":"info","service":"user-service"}
{"message":"Fetching messages for conversation id success","level":"info","service":"user-service"}
{"message":"fetching conversation by id with users success","level":"info","service":"user-service"}
{"message":"fetching conversation by id with users success","level":"info","service":"user-service"}
{"message":"Fetching messages for conversation id success","level":"info","service":"user-service"}
{"message":"Fetching messages for conversation id success","level":"info","service":"user-service"}
{"name":"SequelizeDatabaseError","parent":{"code":"ER_TRUNCATED_WRONG_VALUE_FOR_FIELD","errno":1366,"sqlState":"HY000","sqlMessage":"Incorrect integer value: 'qewqe' for column 'userId' at row 1","sql":"INSERT INTO `Messages` (`id`,`textContent`,`userId`,`conversationId`,`createdAt`,`updatedAt`) VALUES (DEFAULT,?,?,?,?,?);","parameters":[4,"qewqe",1,"2021-04-30 11:28:32","2021-04-30 11:28:32"]},"original":{"code":"ER_TRUNCATED_WRONG_VALUE_FOR_FIELD","errno":1366,"sqlState":"HY000","sqlMessage":"Incorrect integer value: 'qewqe' for column 'userId' at row 1","sql":"INSERT INTO `Messages` (`id`,`textContent`,`userId`,`conversationId`,`createdAt`,`updatedAt`) VALUES (DEFAULT,?,?,?,?,?);","parameters":[4,"qewqe",1,"2021-04-30 11:28:32","2021-04-30 11:28:32"]},"sql":"INSERT INTO `Messages` (`id`,`textContent`,`userId`,`conversationId`,`createdAt`,`updatedAt`) VALUES (DEFAULT,?,?,?,?,?);","parameters":[4,"qewqe",1,"2021-04-30 11:28:32","2021-04-30 11:28:32"],"level":"error","service":"user-service"}
{"message":"error during new message creation","level":"error","service":"user-service"}
{"message":"new message creation success","level":"info","service":"user-service"}
{"message":"Fetching messages for conversation id success","level":"info","service":"user-service"}
{"message":"fetching conversation by id with users success","level":"info","service":"user-service"}
{"message":"fetching conversation by id with users success","level":"info","service":"user-service"}
{"message":"Fetching messages for conversation id success","level":"info","service":"user-service"}
{"message":"Fetching messages for conversation id success","level":"info","service":"user-service"}
{"level":"error","service":"user-service"}
{"message":"error during new message creation","level":"error","service":"user-service"}
{"message":"new message creation success","level":"info","service":"user-service"}
{"message":"Fetching messages for conversation id success","level":"info","service":"user-service"}
{"message":"fetching conversation by id with users success","level":"info","service":"user-service"}
{"message":"fetching conversation by id with users success","level":"info","service":"user-service"}
{"message":"Fetching messages for conversation id success","level":"info","service":"user-service"}
{"message":"Fetching messages for conversation id success","level":"info","service":"user-service"}
{"message":"new message creation success","level":"info","service":"user-service"}
{"message":"Fetching messages for conversation id success","level":"info","service":"user-service"}
{"message":"new message creation success","level":"info","service":"user-service"}
{"message":"fetching conversation by id with users success","level":"info","service":"user-service"}
{"message":"fetching conversation by id with users success","level":"info","service":"user-service"}
{"message":"Fetching messages for conversation id success","level":"info","service":"user-service"}
{"message":"Fetching messages for conversation id success","level":"info","service":"user-service"}
{"message":"Fetching messages for conversation id success","level":"info","service":"user-service"}
{"message":"new message creation success","level":"info","service":"user-service"}
{"message":"Fetching messages for conversation id success","level":"info","service":"user-service"}
{"message":"Fetching messages for conversation id success","level":"info","service":"user-service"}
{"message":"Fetching by Id success","level":"info","service":"user-service"}
{"message":"Fetching friends success","level":"info","service":"user-service"}
{"message":"Fetching by Id success","level":"info","service":"user-service"}
{"message":"Fetching by Id success","level":"info","service":"user-service"}
{"message":"Fetching friends success","level":"info","service":"user-service"}
{"message":"Fetching by Id success","level":"info","service":"user-service"}
{"message":"Fetching friends success","level":"info","service":"user-service"}
{"message":"Fetching by Id success","level":"info","service":"user-service"}
{"message":"Fetching friends success","level":"info","service":"user-service"}
{"level":"error","service":"user-service"}
{"message":"error during friendship deletion","level":"error","service":"user-service"}
{"message":"friendship deletion success","level":"info","service":"user-service"}
{"message":"Fetching by Id success","level":"info","service":"user-service"}
{"message":"Fetching friends success","level":"info","service":"user-service"}
{"message":"Friendship creation success","level":"info","service":"user-service"}
{"message":"Fetching by Id success","level":"info","service":"user-service"}
{"message":"Fetching friends success","level":"info","service":"user-service"}
{"message":"Friendship creation success","level":"info","service":"user-service"}
{"message":"Fetching by Id success","level":"info","service":"user-service"}
{"message":"Fetching friends success","level":"info","service":"user-service"}
{"message":"Fetching by Id success","level":"info","service":"user-service"}
{"message":"Fetching friends success","level":"info","service":"user-service"}
{"message":"Fetching by Id success","level":"info","service":"user-service"}
{"message":"Fetching friends success","level":"info","service":"user-service"}
{"message":"Friendship creation success","level":"info","service":"user-service"}
{"level":"error","service":"user-service"}
{"message":"error during friendship deletion","level":"error","service":"user-service"}
{"message":"friendship deletion success","level":"info","service":"user-service"}
{"message":"Fetching by Id success","level":"info","service":"user-service"}
{"message":"Fetching friends success","level":"info","service":"user-service"}
{"level":"error","service":"user-service"}
{"message":"error during friendship deletion","level":"error","service":"user-service"}
{"message":"friendship deletion success","level":"info","service":"user-service"}
{"level":"error","service":"user-service"}
{"message":"error during friendship deletion","level":"error","service":"user-service"}
{"message":"friendship deletion success","level":"info","service":"user-service"}
{"message":"Fetching by Id success","level":"info","service":"user-service"}
{"message":"Fetching friends success","level":"info","service":"user-service"}
{"level":"error","service":"user-service"}
{"message":"error during friendship deletion","level":"error","service":"user-service"}
{"message":"friendship deletion success","level":"info","service":"user-service"}
{"message":"Fetching by Id success","level":"info","service":"user-service"}
{"message":"Fetching friends success","level":"info","service":"user-service"}
{"level":"error","service":"user-service"}
{"message":"error during friendship deletion","level":"error","service":"user-service"}
{"message":"friendship deletion success","level":"info","service":"user-service"}
{"message":"Fetching by Id success","level":"info","service":"user-service"}
{"message":"Fetching friends success","level":"info","service":"user-service"}
{"message":"friendship deletion success","level":"info","service":"user-service"}
{"message":"Friendship creation success","level":"info","service":"user-service"}
{"message":"friendship deletion success","level":"info","service":"user-service"}
{"message":"Fetching by Id success","level":"info","service":"user-service"}
{"message":"Fetching friends success","level":"info","service":"user-service"}
{"level":"error","service":"user-service"}
{"message":"error during fetching hot submissions","level":"error","service":"user-service"}
{"message":"fetching hot submissions success","level":"info","service":"user-service"}
{"level":"error","service":"user-service"}
{"message":"error during fetching hot submissions","level":"error","service":"user-service"}
{"message":"fetching hot submissions success","level":"info","service":"user-service"}
{"level":"error","service":"user-service"}
{"message":"error during fetching hot submissions","level":"error","service":"user-service"}
{"message":"fetching hot submissions success","level":"info","service":"user-service"}
{"level":"error","service":"user-service"}
{"message":"error during fetching hot submissions","level":"error","service":"user-service"}
{"message":"fetching hot submissions success","level":"info","service":"user-service"}
{"level":"error","service":"user-service"}
{"message":"error during fetching hot submissions","level":"error","service":"user-service"}
{"message":"fetching hot submissions success","level":"info","service":"user-service"}
{"level":"error","service":"user-service"}
{"message":"error during fetching hot submissions","level":"error","service":"user-service"}
{"message":"fetching hot submissions success","level":"info","service":"user-service"}
{"level":"error","service":"user-service"}
{"message":"error during fetching hot submissions","level":"error","service":"user-service"}
{"message":"fetching hot submissions success","level":"info","service":"user-service"}
{"level":"error","service":"user-service"}
{"message":"error during fetching hot submissions","level":"error","service":"user-service"}
{"message":"fetching hot submissions success","level":"info","service":"user-service"}
{"level":"error","service":"user-service"}
{"message":"error during fetching hot submissions","level":"error","service":"user-service"}
{"message":"fetching hot submissions success","level":"info","service":"user-service"}
{"level":"error","service":"user-service"}
{"message":"error during fetching hot submissions","level":"error","service":"user-service"}
{"message":"fetching hot submissions success","level":"info","service":"user-service"}
{"level":"error","service":"user-service"}
{"message":"error during fetching hot submissions","level":"error","service":"user-service"}
{"message":"fetching hot submissions success","level":"info","service":"user-service"}
{"level":"error","service":"user-service"}
{"message":"error during fetching hot submissions","level":"error","service":"user-service"}
{"message":"fetching hot submissions success","level":"info","service":"user-service"}
{"level":"error","service":"user-service"}
{"message":"error during fetching hot submissions","level":"error","service":"user-service"}
{"message":"fetching hot submissions success","level":"info","service":"user-service"}
{"level":"error","service":"user-service"}
{"message":"error during fetching hot submissions","level":"error","service":"user-service"}
{"message":"fetching hot submissions success","level":"info","service":"user-service"}
{"level":"error","service":"user-service"}
{"message":"error during fetching hot submissions","level":"error","service":"user-service"}
{"message":"fetching hot submissions success","level":"info","service":"user-service"}
{"level":"error","service":"user-service"}
{"message":"error during fetching hot submissions","level":"error","service":"user-service"}
{"message":"fetching hot submissions success","level":"info","service":"user-service"}
{"level":"error","service":"user-service"}
{"message":"error during fetching hot submissions","level":"error","service":"user-service"}
{"message":"fetching hot submissions success","level":"info","service":"user-service"}
{"message":"fetching hot submissions success","level":"info","service":"user-service"}
{"message":"fetching hot submissions success","level":"info","service":"user-service"}
{"level":"error","service":"user-service"}
{"message":"error during fetching popular subreddits","level":"error","service":"user-service"}
{"message":"fetching popular subreddit success","level":"info","service":"user-service"}
{"message":"fetching hot submissions success","level":"info","service":"user-service"}
{"message":"fetching hot submissions success","level":"info","service":"user-service"}
{"message":"fetching popular subreddit success","level":"info","service":"user-service"}
{"message":"fetching popular subreddit success","level":"info","service":"user-service"}
{"message":"fetching hot submissions success","level":"info","service":"user-service"}
{"message":"fetching hot submissions success","level":"info","service":"user-service"}
{"message":"fetching popular subreddit success","level":"info","service":"user-service"}
{"level":"error","service":"user-service"}
{"message":"error during fetching comments by Id","level":"error","service":"user-service"}
{"message":"fetching comments by submission id success","level":"info","service":"user-service"}
{"message":"fetching popular subreddit success","level":"info","service":"user-service"}
{"message":"fetching hot submissions success","level":"info","service":"user-service"}
{"level":"error","service":"user-service"}
{"message":"error during fetching comments by Id","level":"error","service":"user-service"}
{"message":"fetching comments by submission id success","level":"info","service":"user-service"}
{"message":"fetching hot submissions success","level":"info","service":"user-service"}
{"message":"fetching popular subreddit success","level":"info","service":"user-service"}
{"level":"error","service":"user-service"}
{"message":"error during fetching comments by Id","level":"error","service":"user-service"}
{"message":"fetching comments by submission id success","level":"info","service":"user-service"}
{"message":"fetching popular subreddit success","level":"info","service":"user-service"}
{"message":"fetching hot submissions success","level":"info","service":"user-service"}
{"level":"error","service":"user-service"}
{"message":"error during fetching comments by Id","level":"error","service":"user-service"}
{"message":"fetching comments by submission id success","level":"info","service":"user-service"}
{"message":"fetching hot submissions success","level":"info","service":"user-service"}
{"message":"fetching popular subreddit success","level":"info","service":"user-service"}
{"message":"fetching comments by submission id success","level":"info","service":"user-service"}
{"message":"fetching popular subreddit success","level":"info","service":"user-service"}
{"message":"fetching hot submissions success","level":"info","service":"user-service"}
{"message":"fetching hot submissions success","level":"info","service":"user-service"}
{"message":"fetching popular subreddit success","level":"info","service":"user-service"}
{"message":"fetching comments by submission id success","level":"info","service":"user-service"}
{"message":"fetching popular subreddit success","level":"info","service":"user-service"}
{"message":"fetching hot submissions success","level":"info","service":"user-service"}
{"message":"fetching comments by submission id success","level":"info","service":"user-service"}
{"message":"fetching popular subreddit success","level":"info","service":"user-service"}
{"message":"fetching hot submissions success","level":"info","service":"user-service"}
{"message":"fetching hot submissions success","level":"info","service":"user-service"}
{"message":"fetching popular subreddit success","level":"info","service":"user-service"}
{"message":"fetching popular subreddit success","level":"info","service":"user-service"}
{"message":"fetching hot submissions success","level":"info","service":"user-service"}
{"message":"fetching comments by submission id success","level":"info","service":"user-service"}
{"message":"fetching hot submissions success","level":"info","service":"user-service"}
{"message":"fetching popular subreddit success","level":"info","service":"user-service"}
{"message":"fetching subreddit success","level":"info","service":"user-service"}
{"message":"fetching subreddit success","level":"info","service":"user-service"}
{"message":"fetching conversation by id with users success","level":"info","service":"user-service"}
{"message":"fetching conversation by id with users success","level":"info","service":"user-service"}
{"message":"Fetching messages for conversation id success","level":"info","service":"user-service"}
{"message":"Fetching messages for conversation id success","level":"info","service":"user-service"}
{"message":"new message creation success","level":"info","service":"user-service"}
{"message":"Fetching messages for conversation id success","level":"info","service":"user-service"}
{"message":"Fetching feedpost by userId success","level":"info","service":"user-service"}
{"message":"Fetching feedpost by userId success","level":"info","service":"user-service"}
{"message":"Fetching feedpost by userId success","level":"info","service":"user-service"}
{"message":"comment creation success","level":"info","service":"user-service"}
{"message":"Fetching feedpost by userId success","level":"info","service":"user-service"}
{"message":"Fetching feedpost by userId success","level":"info","service":"user-service"}
{"message":"Fetching feedpost by userId success","level":"info","service":"user-service"}
{"message":"Fetching feedpost by userId success","level":"info","service":"user-service"}
{"message":"Fetching feedpost by userId success","level":"info","service":"user-service"}
{"message":"Fetching feedpost by userId success","level":"info","service":"user-service"}
{"message":"Fetching feedpost by userId success","level":"info","service":"user-service"}
{"message":"Fetching feedpost by userId success","level":"info","service":"user-service"}
{"message":"feedpost creation success","level":"info","service":"user-service"}
{"message":"Fetching feedpost by userId success","level":"info","service":"user-service"}
{"message":"Fetching feedpost by userId success","level":"info","service":"user-service"}
{"message":"Fetching feedpost by userId success","level":"info","service":"user-service"}
{"message":"Sending Users fetched","level":"info","service":"user-service"}
{"message":"Sending Users fetched","level":"info","service":"user-service"}
{"message":"Sending Users fetched","level":"info","service":"user-service"}
{"message":"Sending Users fetched","level":"info","service":"user-service"}
{"message":"fetching conversation by id with users success","level":"info","service":"user-service"}
{"message":"fetching conversation by id with users success","level":"info","service":"user-service"}
{"message":"Fetching messages for conversation id success","level":"info","service":"user-service"}
{"message":"Fetching messages for conversation id success","level":"info","service":"user-service"}
{"message":"Fetching messages for conversation id success","level":"info","service":"user-service"}
{"message":"Fetching messages for conversation id success","level":"info","service":"user-service"}
{"message":"fetching popular subreddit success","level":"info","service":"user-service"}
{"message":"fetching hot submissions success","level":"info","service":"user-service"}
{"message":"fetching comments by submission id success","level":"info","service":"user-service"}
{"message":"fetching subreddit success","level":"info","service":"user-service"}
{"message":"fetching comments by submission id success","level":"info","service":"user-service"}
{"message":"fetching comments by submission id success","level":"info","service":"user-service"}
{"message":"fetching comments by submission id success","level":"info","service":"user-service"}
{"message":"Fetching feedpost by userId success","level":"info","service":"user-service"}
{"message":"Fetching feedpost by userId success","level":"info","service":"user-service"}
{"message":"Fetching feedpost by userId success","level":"info","service":"user-service"}
{"message":"Fetching feedpost by userId success","level":"info","service":"user-service"}
{"message":"Fetching feedpost by userId success","level":"info","service":"user-service"}
