{"level":"error","service":"user-service"}
{"level":"error","service":"user-service"}
{"level":"error","service":"user-service"}
{"level":"error","service":"user-service"}
{"level":"error","service":"user-service"}
{"message":"Getting user from database failed","level":"error","service":"user-service"}
{"level":"error","service":"user-service"}
{"message":"Getting user from database failed","level":"error","service":"user-service"}
{"level":"error","service":"user-service"}
{"message":"Getting user from database failed","level":"error","service":"user-service"}
{"level":"error","service":"user-service"}
{"message":"Getting user from database failed","level":"error","service":"user-service"}
{"message":"Error during fetch by id","level":"error","service":"user-service"}
{"message":"Error during fetch by id","level":"error","service":"user-service"}
{"message":"Error during fetch by id","level":"error","service":"user-service"}
{"message":"Error during fetch by id","level":"error","service":"user-service"}
{"message":"Error during fetch by id","level":"error","service":"user-service"}
{"message":"Error during fetch by id","level":"error","service":"user-service"}
{"name":"SequelizeEagerLoadingError","level":"error","service":"user-service"}
{"message":"Error during fetching friends","level":"error","service":"user-service"}
{"message":"searching user by name failed","level":"error","service":"user-service"}
{"name":"SequelizeEagerLoadingError","level":"error","service":"user-service"}
{"message":"Error during fetching friends","level":"error","service":"user-service"}
{"message":"searching user by name failed","level":"error","service":"user-service"}
{"message":"searching user by name failed","level":"error","service":"user-service"}
{"message":"searching user by name failed","level":"error","service":"user-service"}
{"message":"searching user by name failed","level":"error","service":"user-service"}
{"message":"searching user by name failed","level":"error","service":"user-service"}
{"message":"searching user by name failed","level":"error","service":"user-service"}
{"message":"searching user by name failed","level":"error","service":"user-service"}
{"message":"searching user by name failed","level":"error","service":"user-service"}
{"message":"searching user by name failed","level":"error","service":"user-service"}
{"message":"searching user by name failed","level":"error","service":"user-service"}
{"message":"searching user by name failed","level":"error","service":"user-service"}
{"message":"searching user by name failed","level":"error","service":"user-service"}
{"message":"searching user by name failed","level":"error","service":"user-service"}
{"message":"searching user by name failed","level":"error","service":"user-service"}
{"message":"searching user by name failed","level":"error","service":"user-service"}
{"message":"searching user by name failed","level":"error","service":"user-service"}
{"message":"searching user by name failed","level":"error","service":"user-service"}
{"message":"searching user by name failed","level":"error","service":"user-service"}
{"message":"searching user by name failed","level":"error","service":"user-service"}
{"message":"searching user by name failed","level":"error","service":"user-service"}
{"message":"searching user by name failed","level":"error","service":"user-service"}
{"message":"searching user by name failed","level":"error","service":"user-service"}
{"message":"searching user by name failed","level":"error","service":"user-service"}
{"message":"searching user by name failed","level":"error","service":"user-service"}
{"message":"searching user by name failed","level":"error","service":"user-service"}
{"message":"searching user by name failed","level":"error","service":"user-service"}
{"message":"searching user by name failed","level":"error","service":"user-service"}
{"level":"error","service":"user-service"}
{"message":"Friendship creation error","level":"error","service":"user-service"}
{"name":"SequelizeEagerLoadingError","level":"error","service":"user-service"}
{"message":"Error during fetching friends","level":"error","service":"user-service"}
{"name":"SequelizeDatabaseError","parent":{"code":"ER_BAD_FIELD_ERROR","errno":1054,"sqlState":"42S22","sqlMessage":"Unknown column 'friend->Friend.user_b' in 'on clause'","sql":"SELECT `User`.`id`, `User`.`username`, `User`.`email`, `User`.`lastConnexion`, `User`.`imageUrl`, `User`.`createdAt`, `User`.`updatedAt`, `friend`.`id` AS `friend.id`, `friend`.`username` AS `friend.username`, `friend`.`email` AS `friend.email`, `friend`.`lastConnexion` AS `friend.lastConnexion`, `friend`.`imageUrl` AS `friend.imageUrl`, `friend`.`createdAt` AS `friend.createdAt`, `friend`.`updatedAt` AS `friend.updatedAt` FROM `Users` AS `User` LEFT OUTER JOIN ( `Friends` AS `friend->Friend` INNER JOIN `Users` AS `friend` ON `friend`.`id` = `friend->Friend`.`user_b`) ON `User`.`id` = `friend->Friend`.`user_a` WHERE `User`.`id` = 4;"},"original":{"code":"ER_BAD_FIELD_ERROR","errno":1054,"sqlState":"42S22","sqlMessage":"Unknown column 'friend->Friend.user_b' in 'on clause'","sql":"SELECT `User`.`id`, `User`.`username`, `User`.`email`, `User`.`lastConnexion`, `User`.`imageUrl`, `User`.`createdAt`, `User`.`updatedAt`, `friend`.`id` AS `friend.id`, `friend`.`username` AS `friend.username`, `friend`.`email` AS `friend.email`, `friend`.`lastConnexion` AS `friend.lastConnexion`, `friend`.`imageUrl` AS `friend.imageUrl`, `friend`.`createdAt` AS `friend.createdAt`, `friend`.`updatedAt` AS `friend.updatedAt` FROM `Users` AS `User` LEFT OUTER JOIN ( `Friends` AS `friend->Friend` INNER JOIN `Users` AS `friend` ON `friend`.`id` = `friend->Friend`.`user_b`) ON `User`.`id` = `friend->Friend`.`user_a` WHERE `User`.`id` = 4;"},"sql":"SELECT `User`.`id`, `User`.`username`, `User`.`email`, `User`.`lastConnexion`, `User`.`imageUrl`, `User`.`createdAt`, `User`.`updatedAt`, `friend`.`id` AS `friend.id`, `friend`.`username` AS `friend.username`, `friend`.`email` AS `friend.email`, `friend`.`lastConnexion` AS `friend.lastConnexion`, `friend`.`imageUrl` AS `friend.imageUrl`, `friend`.`createdAt` AS `friend.createdAt`, `friend`.`updatedAt` AS `friend.updatedAt` FROM `Users` AS `User` LEFT OUTER JOIN ( `Friends` AS `friend->Friend` INNER JOIN `Users` AS `friend` ON `friend`.`id` = `friend->Friend`.`user_b`) ON `User`.`id` = `friend->Friend`.`user_a` WHERE `User`.`id` = 4;","level":"error","service":"user-service"}
{"message":"Error during fetching friends","level":"error","service":"user-service"}
{"level":"error","service":"user-service"}
{"message":"Friendship creation error","level":"error","service":"user-service"}
{"level":"error","service":"user-service"}
{"message":"Friendship creation error","level":"error","service":"user-service"}
{"level":"error","service":"user-service"}
{"message":"Friendship creation error","level":"error","service":"user-service"}
{"level":"error","service":"user-service"}
{"message":"Friendship creation error","level":"error","service":"user-service"}
{"name":"SequelizeDatabaseError","parent":{"code":"ER_BAD_FIELD_ERROR","errno":1054,"sqlState":"42S22","sqlMessage":"Unknown column 'friend->Friend.user_b' in 'on clause'","sql":"SELECT `User`.`id`, `User`.`username`, `User`.`email`, `User`.`lastConnexion`, `User`.`imageUrl`, `User`.`createdAt`, `User`.`updatedAt`, `friend`.`id` AS `friend.id`, `friend`.`username` AS `friend.username`, `friend`.`email` AS `friend.email`, `friend`.`lastConnexion` AS `friend.lastConnexion`, `friend`.`imageUrl` AS `friend.imageUrl`, `friend`.`createdAt` AS `friend.createdAt`, `friend`.`updatedAt` AS `friend.updatedAt` FROM `Users` AS `User` LEFT OUTER JOIN ( `Friends` AS `friend->Friend` INNER JOIN `Users` AS `friend` ON `friend`.`id` = `friend->Friend`.`user_b`) ON `User`.`id` = `friend->Friend`.`user_a` WHERE `User`.`id` = 4;"},"original":{"code":"ER_BAD_FIELD_ERROR","errno":1054,"sqlState":"42S22","sqlMessage":"Unknown column 'friend->Friend.user_b' in 'on clause'","sql":"SELECT `User`.`id`, `User`.`username`, `User`.`email`, `User`.`lastConnexion`, `User`.`imageUrl`, `User`.`createdAt`, `User`.`updatedAt`, `friend`.`id` AS `friend.id`, `friend`.`username` AS `friend.username`, `friend`.`email` AS `friend.email`, `friend`.`lastConnexion` AS `friend.lastConnexion`, `friend`.`imageUrl` AS `friend.imageUrl`, `friend`.`createdAt` AS `friend.createdAt`, `friend`.`updatedAt` AS `friend.updatedAt` FROM `Users` AS `User` LEFT OUTER JOIN ( `Friends` AS `friend->Friend` INNER JOIN `Users` AS `friend` ON `friend`.`id` = `friend->Friend`.`user_b`) ON `User`.`id` = `friend->Friend`.`user_a` WHERE `User`.`id` = 4;"},"sql":"SELECT `User`.`id`, `User`.`username`, `User`.`email`, `User`.`lastConnexion`, `User`.`imageUrl`, `User`.`createdAt`, `User`.`updatedAt`, `friend`.`id` AS `friend.id`, `friend`.`username` AS `friend.username`, `friend`.`email` AS `friend.email`, `friend`.`lastConnexion` AS `friend.lastConnexion`, `friend`.`imageUrl` AS `friend.imageUrl`, `friend`.`createdAt` AS `friend.createdAt`, `friend`.`updatedAt` AS `friend.updatedAt` FROM `Users` AS `User` LEFT OUTER JOIN ( `Friends` AS `friend->Friend` INNER JOIN `Users` AS `friend` ON `friend`.`id` = `friend->Friend`.`user_b`) ON `User`.`id` = `friend->Friend`.`user_a` WHERE `User`.`id` = 4;","level":"error","service":"user-service"}
{"message":"Error during fetching friends","level":"error","service":"user-service"}
{"name":"SequelizeDatabaseError","parent":{"code":"ER_BAD_FIELD_ERROR","errno":1054,"sqlState":"42S22","sqlMessage":"Unknown column 'friend->Friend.user_b' in 'on clause'","sql":"SELECT `User`.`id`, `User`.`username`, `User`.`email`, `User`.`lastConnexion`, `User`.`imageUrl`, `User`.`createdAt`, `User`.`updatedAt`, `friend`.`id` AS `friend.id`, `friend`.`username` AS `friend.username`, `friend`.`email` AS `friend.email`, `friend`.`lastConnexion` AS `friend.lastConnexion`, `friend`.`imageUrl` AS `friend.imageUrl`, `friend`.`createdAt` AS `friend.createdAt`, `friend`.`updatedAt` AS `friend.updatedAt` FROM `Users` AS `User` LEFT OUTER JOIN ( `Friends` AS `friend->Friend` INNER JOIN `Users` AS `friend` ON `friend`.`id` = `friend->Friend`.`user_b`) ON `User`.`id` = `friend->Friend`.`user_a` WHERE `User`.`id` = 4;"},"original":{"code":"ER_BAD_FIELD_ERROR","errno":1054,"sqlState":"42S22","sqlMessage":"Unknown column 'friend->Friend.user_b' in 'on clause'","sql":"SELECT `User`.`id`, `User`.`username`, `User`.`email`, `User`.`lastConnexion`, `User`.`imageUrl`, `User`.`createdAt`, `User`.`updatedAt`, `friend`.`id` AS `friend.id`, `friend`.`username` AS `friend.username`, `friend`.`email` AS `friend.email`, `friend`.`lastConnexion` AS `friend.lastConnexion`, `friend`.`imageUrl` AS `friend.imageUrl`, `friend`.`createdAt` AS `friend.createdAt`, `friend`.`updatedAt` AS `friend.updatedAt` FROM `Users` AS `User` LEFT OUTER JOIN ( `Friends` AS `friend->Friend` INNER JOIN `Users` AS `friend` ON `friend`.`id` = `friend->Friend`.`user_b`) ON `User`.`id` = `friend->Friend`.`user_a` WHERE `User`.`id` = 4;"},"sql":"SELECT `User`.`id`, `User`.`username`, `User`.`email`, `User`.`lastConnexion`, `User`.`imageUrl`, `User`.`createdAt`, `User`.`updatedAt`, `friend`.`id` AS `friend.id`, `friend`.`username` AS `friend.username`, `friend`.`email` AS `friend.email`, `friend`.`lastConnexion` AS `friend.lastConnexion`, `friend`.`imageUrl` AS `friend.imageUrl`, `friend`.`createdAt` AS `friend.createdAt`, `friend`.`updatedAt` AS `friend.updatedAt` FROM `Users` AS `User` LEFT OUTER JOIN ( `Friends` AS `friend->Friend` INNER JOIN `Users` AS `friend` ON `friend`.`id` = `friend->Friend`.`user_b`) ON `User`.`id` = `friend->Friend`.`user_a` WHERE `User`.`id` = 4;","level":"error","service":"user-service"}
{"message":"Error during fetching friends","level":"error","service":"user-service"}
{"level":"error","service":"user-service"}
{"message":"Friendship creation error","level":"error","service":"user-service"}
{"level":"error","service":"user-service"}
{"message":"Friendship creation error","level":"error","service":"user-service"}
{"level":"error","service":"user-service"}
{"message":"Friendship creation error","level":"error","service":"user-service"}
{"level":"error","service":"user-service"}
{"message":"Friendship creation error","level":"error","service":"user-service"}
{"level":"error","service":"user-service"}
{"message":"Friendship creation error","level":"error","service":"user-service"}
{"level":"error","service":"user-service"}
{"message":"Friendship creation error","level":"error","service":"user-service"}
{"level":"error","service":"user-service"}
{"message":"error during fetching feedpost by userId","level":"error","service":"user-service"}
{"level":"error","service":"user-service"}
{"message":"error during fetching feedpost by userId","level":"error","service":"user-service"}
{"level":"error","service":"user-service"}
{"message":"error during fetching feedpost by userId","level":"error","service":"user-service"}
{"level":"error","service":"user-service"}
{"message":"error during fetching feedpost by userId","level":"error","service":"user-service"}
{"level":"error","service":"user-service"}
{"message":"error during fetching feedpost by userId","level":"error","service":"user-service"}
{"level":"error","service":"user-service"}
{"message":"error during fetching feedpost by userId","level":"error","service":"user-service"}
{"level":"error","service":"user-service"}
{"message":"error during fetching feedpost by userId","level":"error","service":"user-service"}
{"level":"error","service":"user-service"}
{"message":"error during fetching feedpost by userId","level":"error","service":"user-service"}
{"level":"error","service":"user-service"}
{"message":"error during fetching feedpost by userId","level":"error","service":"user-service"}
{"level":"error","service":"user-service"}
{"message":"error during fetching feedpost by userId","level":"error","service":"user-service"}
{"level":"error","service":"user-service"}
{"message":"error during fetching feedpost by userId","level":"error","service":"user-service"}
{"level":"error","service":"user-service"}
{"message":"error during fetching feedpost by userId","level":"error","service":"user-service"}
{"level":"error","service":"user-service"}
{"message":"error during fetching feedpost by userId","level":"error","service":"user-service"}
{"level":"error","service":"user-service"}
{"message":"error during fetching feedpost by userId","level":"error","service":"user-service"}
{"level":"error","service":"user-service"}
{"message":"error during fetching feedpost by userId","level":"error","service":"user-service"}
{"level":"error","service":"user-service"}
{"message":"error during fetching feedpost by userId","level":"error","service":"user-service"}
{"level":"error","service":"user-service"}
{"message":"error during fetching feedpost by userId","level":"error","service":"user-service"}
{"name":"SequelizeEagerLoadingError","level":"error","service":"user-service"}
{"message":"error during fetching feedpost by userId","level":"error","service":"user-service"}
{"name":"SequelizeEagerLoadingError","level":"error","service":"user-service"}
{"message":"error during fetching feedpost by userId","level":"error","service":"user-service"}
{"level":"error","service":"user-service"}
{"message":"error during fetching by userId","level":"error","service":"user-service"}
{"level":"error","service":"user-service"}
{"message":"error during fetching by userId","level":"error","service":"user-service"}
{"level":"error","service":"user-service"}
{"message":"error during fetching post comments","level":"error","service":"user-service"}
{"level":"error","service":"user-service"}
{"message":"error during fetching post comments","level":"error","service":"user-service"}
{"level":"error","service":"user-service"}
{"message":"error during fetching post comments","level":"error","service":"user-service"}
{"level":"error","service":"user-service"}
{"message":"error during fetching post comments","level":"error","service":"user-service"}
{"level":"error","service":"user-service"}
{"message":"error during fetching post comments","level":"error","service":"user-service"}
{"level":"error","service":"user-service"}
{"message":"error during fetching post comments","level":"error","service":"user-service"}
{"level":"error","service":"user-service"}
{"message":"error during fetching post comments","level":"error","service":"user-service"}
{"level":"error","service":"user-service"}
{"message":"error during fetching post comments","level":"error","service":"user-service"}
{"level":"error","service":"user-service"}
{"message":"error during fetching post comments","level":"error","service":"user-service"}
{"level":"error","service":"user-service"}
{"message":"error during new comment creation","level":"error","service":"user-service"}
{"level":"error","service":"user-service"}
{"message":"error during fetching post comments","level":"error","service":"user-service"}
{"level":"error","service":"user-service"}
{"message":"error during fetching post comments","level":"error","service":"user-service"}
{"level":"error","service":"user-service"}
{"message":"error during fetching post comments","level":"error","service":"user-service"}
{"level":"error","service":"user-service"}
{"message":"error during fetching post comments","level":"error","service":"user-service"}
{"level":"error","service":"user-service"}
{"message":"error during fetching post comments","level":"error","service":"user-service"}
{"level":"error","service":"user-service"}
{"message":"error during fetching post comments","level":"error","service":"user-service"}
{"level":"error","service":"user-service"}
{"message":"error during new comment creation","level":"error","service":"user-service"}
{"level":"error","service":"user-service"}
{"message":"error during fetching post comments","level":"error","service":"user-service"}
{"level":"error","service":"user-service"}
{"message":"error during fetching post comments","level":"error","service":"user-service"}
{"level":"error","service":"user-service"}
{"message":"error during fetching post comments","level":"error","service":"user-service"}
{"level":"error","service":"user-service"}
{"message":"error during fetching post comments","level":"error","service":"user-service"}
{"name":"SequelizeEagerLoadingError","level":"error","service":"user-service"}
{"message":"error during fetching by userId","level":"error","service":"user-service"}
{"level":"error","service":"user-service"}
{"message":"error during fetching post comments","level":"error","service":"user-service"}
{"level":"error","service":"user-service"}
{"message":"error during fetching post comments","level":"error","service":"user-service"}
{"name":"SequelizeEagerLoadingError","level":"error","service":"user-service"}
{"message":"error during fetching by userId","level":"error","service":"user-service"}
{"name":"SequelizeEagerLoadingError","level":"error","service":"user-service"}
{"message":"error during fetching by userId","level":"error","service":"user-service"}
{"name":"SequelizeEagerLoadingError","level":"error","service":"user-service"}
{"message":"error during fetching post comments","level":"error","service":"user-service"}
{"name":"SequelizeEagerLoadingError","level":"error","service":"user-service"}
{"message":"error during fetching post comments","level":"error","service":"user-service"}
{"name":"SequelizeEagerLoadingError","level":"error","service":"user-service"}
{"message":"error during fetching post comments","level":"error","service":"user-service"}
{"name":"SequelizeEagerLoadingError","level":"error","service":"user-service"}
{"message":"error during fetching post comments","level":"error","service":"user-service"}
{"name":"SequelizeEagerLoadingError","level":"error","service":"user-service"}
{"message":"error during fetching post comments","level":"error","service":"user-service"}
{"name":"SequelizeEagerLoadingError","level":"error","service":"user-service"}
{"message":"error during fetching post comments","level":"error","service":"user-service"}
{"name":"SequelizeEagerLoadingError","level":"error","service":"user-service"}
{"message":"error during fetching post comments","level":"error","service":"user-service"}
{"name":"SequelizeEagerLoadingError","level":"error","service":"user-service"}
{"message":"error during fetching post comments","level":"error","service":"user-service"}
{"name":"SequelizeEagerLoadingError","level":"error","service":"user-service"}
{"message":"error during fetching post comments","level":"error","service":"user-service"}
{"name":"SequelizeEagerLoadingError","level":"error","service":"user-service"}
{"message":"error during fetching post comments","level":"error","service":"user-service"}
{"name":"SequelizeEagerLoadingError","level":"error","service":"user-service"}
{"message":"error during fetching post comments","level":"error","service":"user-service"}
{"name":"SequelizeEagerLoadingError","level":"error","service":"user-service"}
{"message":"error during fetching post comments","level":"error","service":"user-service"}
{"name":"SequelizeEagerLoadingError","level":"error","service":"user-service"}
{"message":"error during fetching post comments","level":"error","service":"user-service"}
{"name":"SequelizeEagerLoadingError","level":"error","service":"user-service"}
{"message":"error during fetching post comments","level":"error","service":"user-service"}
{"name":"SequelizeEagerLoadingError","level":"error","service":"user-service"}
{"message":"error during fetching post comments","level":"error","service":"user-service"}
{"name":"SequelizeEagerLoadingError","level":"error","service":"user-service"}
{"message":"error during fetching post comments","level":"error","service":"user-service"}
{"name":"SequelizeEagerLoadingError","level":"error","service":"user-service"}
{"message":"error during fetching post comments","level":"error","service":"user-service"}
{"name":"SequelizeEagerLoadingError","level":"error","service":"user-service"}
{"message":"error during fetching post comments","level":"error","service":"user-service"}
{"level":"error","service":"user-service"}
{"message":"error during fetching conversation by id","level":"error","service":"user-service"}
{"level":"error","service":"user-service"}
{"message":"error during fetching conversation by id","level":"error","service":"user-service"}
{"level":"error","service":"user-service"}
{"message":"error during fetching conversation by id","level":"error","service":"user-service"}
{"level":"error","service":"user-service"}
{"message":"error during fetching conversation by id","level":"error","service":"user-service"}
{"level":"error","service":"user-service"}
{"message":"error during new message creation","level":"error","service":"user-service"}
{"name":"SequelizeDatabaseError","parent":{"code":"ER_TRUNCATED_WRONG_VALUE_FOR_FIELD","errno":1366,"sqlState":"HY000","sqlMessage":"Incorrect integer value: 'qwe' for column 'userId' at row 1","sql":"INSERT INTO `Messages` (`id`,`textContent`,`userId`,`conversationId`,`createdAt`,`updatedAt`) VALUES (DEFAULT,?,?,?,?,?);","parameters":[4,"qwe",1,"2021-04-30 11:26:15","2021-04-30 11:26:15"]},"original":{"code":"ER_TRUNCATED_WRONG_VALUE_FOR_FIELD","errno":1366,"sqlState":"HY000","sqlMessage":"Incorrect integer value: 'qwe' for column 'userId' at row 1","sql":"INSERT INTO `Messages` (`id`,`textContent`,`userId`,`conversationId`,`createdAt`,`updatedAt`) VALUES (DEFAULT,?,?,?,?,?);","parameters":[4,"qwe",1,"2021-04-30 11:26:15","2021-04-30 11:26:15"]},"sql":"INSERT INTO `Messages` (`id`,`textContent`,`userId`,`conversationId`,`createdAt`,`updatedAt`) VALUES (DEFAULT,?,?,?,?,?);","parameters":[4,"qwe",1,"2021-04-30 11:26:15","2021-04-30 11:26:15"],"level":"error","service":"user-service"}
{"message":"error during new message creation","level":"error","service":"user-service"}
{"name":"SequelizeDatabaseError","parent":{"code":"ER_TRUNCATED_WRONG_VALUE_FOR_FIELD","errno":1366,"sqlState":"HY000","sqlMessage":"Incorrect integer value: 'qweqw' for column 'userId' at row 1","sql":"INSERT INTO `Messages` (`id`,`textContent`,`userId`,`conversationId`,`createdAt`,`updatedAt`) VALUES (DEFAULT,?,?,?,?,?);","parameters":[4,"qweqw",1,"2021-04-30 11:26:40","2021-04-30 11:26:40"]},"original":{"code":"ER_TRUNCATED_WRONG_VALUE_FOR_FIELD","errno":1366,"sqlState":"HY000","sqlMessage":"Incorrect integer value: 'qweqw' for column 'userId' at row 1","sql":"INSERT INTO `Messages` (`id`,`textContent`,`userId`,`conversationId`,`createdAt`,`updatedAt`) VALUES (DEFAULT,?,?,?,?,?);","parameters":[4,"qweqw",1,"2021-04-30 11:26:40","2021-04-30 11:26:40"]},"sql":"INSERT INTO `Messages` (`id`,`textContent`,`userId`,`conversationId`,`createdAt`,`updatedAt`) VALUES (DEFAULT,?,?,?,?,?);","parameters":[4,"qweqw",1,"2021-04-30 11:26:40","2021-04-30 11:26:40"],"level":"error","service":"user-service"}
{"message":"error during new message creation","level":"error","service":"user-service"}
{"name":"SequelizeDatabaseError","parent":{"code":"ER_TRUNCATED_WRONG_VALUE_FOR_FIELD","errno":1366,"sqlState":"HY000","sqlMessage":"Incorrect integer value: 'qewqe' for column 'userId' at row 1","sql":"INSERT INTO `Messages` (`id`,`textContent`,`userId`,`conversationId`,`createdAt`,`updatedAt`) VALUES (DEFAULT,?,?,?,?,?);","parameters":[4,"qewqe",1,"2021-04-30 11:28:32","2021-04-30 11:28:32"]},"original":{"code":"ER_TRUNCATED_WRONG_VALUE_FOR_FIELD","errno":1366,"sqlState":"HY000","sqlMessage":"Incorrect integer value: 'qewqe' for column 'userId' at row 1","sql":"INSERT INTO `Messages` (`id`,`textContent`,`userId`,`conversationId`,`createdAt`,`updatedAt`) VALUES (DEFAULT,?,?,?,?,?);","parameters":[4,"qewqe",1,"2021-04-30 11:28:32","2021-04-30 11:28:32"]},"sql":"INSERT INTO `Messages` (`id`,`textContent`,`userId`,`conversationId`,`createdAt`,`updatedAt`) VALUES (DEFAULT,?,?,?,?,?);","parameters":[4,"qewqe",1,"2021-04-30 11:28:32","2021-04-30 11:28:32"],"level":"error","service":"user-service"}
{"message":"error during new message creation","level":"error","service":"user-service"}
{"level":"error","service":"user-service"}
{"message":"error during new message creation","level":"error","service":"user-service"}
{"level":"error","service":"user-service"}
{"message":"error during friendship deletion","level":"error","service":"user-service"}
{"level":"error","service":"user-service"}
{"message":"error during friendship deletion","level":"error","service":"user-service"}
{"level":"error","service":"user-service"}
{"message":"error during friendship deletion","level":"error","service":"user-service"}
{"level":"error","service":"user-service"}
{"message":"error during friendship deletion","level":"error","service":"user-service"}
{"level":"error","service":"user-service"}
{"message":"error during friendship deletion","level":"error","service":"user-service"}
{"level":"error","service":"user-service"}
{"message":"error during friendship deletion","level":"error","service":"user-service"}
{"level":"error","service":"user-service"}
{"message":"error during fetching hot submissions","level":"error","service":"user-service"}
{"level":"error","service":"user-service"}
{"message":"error during fetching hot submissions","level":"error","service":"user-service"}
{"level":"error","service":"user-service"}
{"message":"error during fetching hot submissions","level":"error","service":"user-service"}
{"level":"error","service":"user-service"}
{"message":"error during fetching hot submissions","level":"error","service":"user-service"}
{"level":"error","service":"user-service"}
{"message":"error during fetching hot submissions","level":"error","service":"user-service"}
{"level":"error","service":"user-service"}
{"message":"error during fetching hot submissions","level":"error","service":"user-service"}
{"level":"error","service":"user-service"}
{"message":"error during fetching hot submissions","level":"error","service":"user-service"}
{"level":"error","service":"user-service"}
{"message":"error during fetching hot submissions","level":"error","service":"user-service"}
{"level":"error","service":"user-service"}
{"message":"error during fetching hot submissions","level":"error","service":"user-service"}
{"level":"error","service":"user-service"}
{"message":"error during fetching hot submissions","level":"error","service":"user-service"}
{"level":"error","service":"user-service"}
{"message":"error during fetching hot submissions","level":"error","service":"user-service"}
{"level":"error","service":"user-service"}
{"message":"error during fetching hot submissions","level":"error","service":"user-service"}
{"level":"error","service":"user-service"}
{"message":"error during fetching hot submissions","level":"error","service":"user-service"}
{"level":"error","service":"user-service"}
{"message":"error during fetching hot submissions","level":"error","service":"user-service"}
{"level":"error","service":"user-service"}
{"message":"error during fetching hot submissions","level":"error","service":"user-service"}
{"level":"error","service":"user-service"}
{"message":"error during fetching hot submissions","level":"error","service":"user-service"}
{"level":"error","service":"user-service"}
{"message":"error during fetching hot submissions","level":"error","service":"user-service"}
{"level":"error","service":"user-service"}
{"message":"error during fetching popular subreddits","level":"error","service":"user-service"}
{"level":"error","service":"user-service"}
{"message":"error during fetching comments by Id","level":"error","service":"user-service"}
{"level":"error","service":"user-service"}
{"message":"error during fetching comments by Id","level":"error","service":"user-service"}
{"level":"error","service":"user-service"}
{"message":"error during fetching comments by Id","level":"error","service":"user-service"}
{"level":"error","service":"user-service"}
{"message":"error during fetching comments by Id","level":"error","service":"user-service"}
